<?xml version="1.0" encoding="UTF-8"?>
<!-- Generated by org.testng.reporters.JUnitReportReporter -->
<testsuite skipped="0" hostname="LAPTOP-M8LMA397" name="testCases.TC2_Post_Employee" tests="4" failures="0" timestamp="2019-11-04T19:47:04 CST" time="0.039" errors="0">
  <testcase name="checkstatusbody" time="0.033" classname="testCases.TC2_Post_Employee"/>
  <testcase name="checkstatuscode" time="0.002" classname="testCases.TC2_Post_Employee"/>
  <testcase name="checkstatusline" time="0.001" classname="testCases.TC2_Post_Employee"/>
  <testcase name="checkresponsetime" time="0.003" classname="testCases.TC2_Post_Employee"/>
</testsuite> <!-- testCases.TC2_Post_Employee -->
