<?xml version="1.0" encoding="UTF-8"?>
<!-- Generated by org.testng.reporters.JUnitReportReporter -->
<testsuite skipped="0" hostname="LAPTOP-M8LMA397" name="testCases.TC1_Get_AllEmployee" tests="4" failures="0" timestamp="2019-11-04T19:47:04 CST" time="0.051" errors="0">
  <testcase name="checkstatusbody" time="0.046" classname="testCases.TC1_Get_AllEmployee"/>
  <testcase name="checkstatuscode" time="0.001" classname="testCases.TC1_Get_AllEmployee"/>
  <testcase name="checkstatusline" time="0.001" classname="testCases.TC1_Get_AllEmployee"/>
  <testcase name="checkresponsetime" time="0.003" classname="testCases.TC1_Get_AllEmployee"/>
</testsuite> <!-- testCases.TC1_Get_AllEmployee -->
