<?xml version="1.0" encoding="UTF-8"?>
<!-- Generated by org.testng.reporters.JUnitReportReporter -->
<testsuite skipped="0" hostname="LAPTOP-M8LMA397" name="TC4_DataDriven_NewEmployee" tests="3" failures="0" timestamp="2021-01-03T22:11:28 CST" time="6.221" errors="0">
  <testcase name="AddNewEmp" time="1.740" classname="TC4_DataDriven_NewEmployee"/>
  <testcase name="AddNewEmp" time="3.116" classname="TC4_DataDriven_NewEmployee"/>
  <testcase name="AddNewEmp" time="1.365" classname="TC4_DataDriven_NewEmployee"/>
</testsuite> <!-- TC4_DataDriven_NewEmployee -->
