<?xml version="1.0" encoding="UTF-8"?>
<!-- Generated by org.testng.reporters.JUnitReportReporter -->
<testsuite skipped="0" hostname="LAPTOP-M8LMA397" name="TC3_Get_Authentication" tests="1" failures="0" timestamp="2019-10-31T16:38:12 CDT" time="1.790" errors="0">
  <testcase name="userauth" time="1.790" classname="TC3_Get_Authentication"/>
</testsuite> <!-- TC3_Get_Authentication -->
