<?xml version="1.0" encoding="UTF-8"?>
<!-- Generated by org.testng.reporters.JUnitReportReporter -->
<testsuite skipped="0" hostname="LAPTOP-M8LMA397" name="TC2_Post_Userdet" tests="1" failures="0" timestamp="2021-01-03T22:08:38 CST" time="2.957" errors="0">
  <testcase name="RegisterSuccessful" time="2.957" classname="TC2_Post_Userdet"/>
</testsuite> <!-- TC2_Post_Userdet -->
