<?xml version="1.0" encoding="UTF-8"?>
<!-- Generated by org.testng.reporters.JUnitReportReporter -->
<testsuite skipped="0" hostname="LAPTOP-M8LMA397" name="testCases.TC1_Get_AllEmployee" tests="4" failures="0" timestamp="2021-01-03T22:33:44 CST" time="0.384" errors="0">
  <testcase name="checkstatusline" time="0.008" classname="testCases.TC1_Get_AllEmployee"/>
  <testcase name="checkstatuscode" time="0.008" classname="testCases.TC1_Get_AllEmployee"/>
  <testcase name="checkresponsetime" time="0.025" classname="testCases.TC1_Get_AllEmployee"/>
  <testcase name="checkstatusbody" time="0.343" classname="testCases.TC1_Get_AllEmployee"/>
</testsuite> <!-- testCases.TC1_Get_AllEmployee -->
